Time resolution is 1 ps
FFT Done. Sample RAM contents:
sample_ram[0] = 000203
sample_ram[1] = ffbffc
sample_ram[2] = fa8003
sample_ram[3] = 00900d
sample_ram[4] = ff6001
sample_ram[5] = 002002
sample_ram[6] = ffe006
sample_ram[7] = ff9ffc
sample_ram[8] = ffd003
sample_ram[9] = 004ffc
sample_ram[10] = ffcffd
sample_ram[11] = ffd00b
sample_ram[12] = 005ff9
sample_ram[13] = 000001
sample_ram[14] = 007007
sample_ram[15] = 008fff
sample_ram[16] = ffeffb
sample_ram[17] = 001001
sample_ram[18] = ffd002
sample_ram[19] = 004ff8
sample_ram[20] = ec7fff
sample_ram[21] = ff6fff
sample_ram[22] = ffa002
sample_ram[23] = 001ffe
sample_ram[24] = ffe003
sample_ram[25] = ffeffc
sample_ram[26] = ffe004
sample_ram[27] = 007ff8
sample_ram[28] = ff4ffd
sample_ram[29] = 003005
sample_ram[30] = 005005
sample_ram[31] = 000ffc
sample_ram[32] = 000ff8
sample_ram[33] = ffc0d9
sample_ram[34] = 000000
sample_ram[35] = ff9000
sample_ram[36] = 004000
sample_ram[37] = 004ffe
sample_ram[38] = 001005
sample_ram[39] = 004ffd
sample_ram[40] = ffd002
sample_ram[41] = 004ffc
sample_ram[42] = 007ffd
sample_ram[43] = ffaff6
sample_ram[44] = ffe000
sample_ram[45] = f68ffa
sample_ram[46] = 00100a
sample_ram[47] = 008ffe
sample_ram[48] = 000ffd
sample_ram[49] = ffcffa
sample_ram[50] = 003ff8
sample_ram[51] = 006ff8
sample_ram[52] = 008003
sample_ram[53] = 001ffe
sample_ram[54] = 00affe
sample_ram[55] = 000009
sample_ram[56] = 009005
sample_ram[57] = ff9fff
sample_ram[58] = ff7ffb
sample_ram[59] = fff006
sample_ram[60] = 00107f
sample_ram[61] = 004ffa
sample_ram[62] = 004ffb
sample_ram[63] = 003ffa
sample_ram[64] = 004003
sample_ram[65] = ffcfff
sample_ram[66] = ffa001
sample_ram[67] = fff002
sample_ram[68] = ffb004
sample_ram[69] = fff003
sample_ram[70] = 00e006
sample_ram[71] = ffdfff
sample_ram[72] = ff8ffe
sample_ram[73] = ffffff
sample_ram[74] = 001ffe
sample_ram[75] = fafffb
sample_ram[76] = ffeff4
sample_ram[77] = ffcffa
sample_ram[78] = 000003
sample_ram[79] = ffaffd
sample_ram[80] = ffbffa
sample_ram[81] = ffd002
sample_ram[82] = ff3ff9
sample_ram[83] = 004ffb
sample_ram[84] = 000ffe
sample_ram[85] = 00100a
sample_ram[86] = ffa006
sample_ram[87] = fffff8
sample_ram[88] = 002000
sample_ram[89] = ff3ffd
sample_ram[90] = 004029
sample_ram[91] = ff8ffe
sample_ram[92] = 006fff
sample_ram[93] = 002002
sample_ram[94] = ffe004
sample_ram[95] = fff007
sample_ram[96] = ffd009
sample_ram[97] = ffa007
sample_ram[98] = 000ff6
sample_ram[99] = ffa004
sample_ram[100] = ffa003
sample_ram[101] = ffe001
sample_ram[102] = fffff4
sample_ram[103] = ff9005
sample_ram[104] = 002ff7
sample_ram[105] = ffaffd
sample_ram[106] = 002ffb
sample_ram[107] = ffdff9
sample_ram[108] = ff4005
sample_ram[109] = 007ffb
sample_ram[110] = 003ff6
sample_ram[111] = ffb002
sample_ram[112] = 007ffa
sample_ram[113] = ff9ff6
sample_ram[114] = 003005
sample_ram[115] = ff0fff
sample_ram[116] = fffff6
sample_ram[117] = ffdffc
sample_ram[118] = ffe001
sample_ram[119] = ffffff
sample_ram[120] = 008ffe
sample_ram[121] = fff000
sample_ram[122] = ffd006
sample_ram[123] = 000000
sample_ram[124] = 006fff
sample_ram[125] = fff000
sample_ram[126] = 004004
sample_ram[127] = ffd000
sample_ram[128] = 000002
sample_ram[129] = 002000
sample_ram[130] = ffb004
sample_ram[131] = 000000
sample_ram[132] = ff9fff
sample_ram[133] = fff000
sample_ram[134] = 002006
sample_ram[135] = 000000
sample_ram[136] = ff7ffe
sample_ram[137] = 000fff
sample_ram[138] = 001001
sample_ram[139] = 002ffc
sample_ram[140] = 000ff6
sample_ram[141] = 00ffff
sample_ram[142] = ffc005
sample_ram[143] = 006ff6
sample_ram[144] = ff8ffa
sample_ram[145] = 004002
sample_ram[146] = ffcff6
sample_ram[147] = ff8ffb
sample_ram[148] = 00a005
sample_ram[149] = 002ff9
sample_ram[150] = ffdffb
sample_ram[151] = 005ffd
sample_ram[152] = ffdff7
sample_ram[153] = 006005
sample_ram[154] = 000ff4
sample_ram[155] = 001001
sample_ram[156] = 005003
sample_ram[157] = 005004
sample_ram[158] = fffff6
sample_ram[159] = 005007
sample_ram[160] = 002009
sample_ram[161] = 000007
sample_ram[162] = 001004
sample_ram[163] = ffd002
sample_ram[164] = ffafff
sample_ram[165] = 007ffe
s